[2024/01/30 00:04:04 CST] [INFO] (shengkuan/mini_spider/crawler.(*Crawler).Start.func1:124) >>>>>> popping request <<<<<< %!(EXTRA string=https://www.baidu.com/)
[2024/01/30 00:04:04 CST] [INFO] (shengkuan/mini_spider/downloader.(*Downloader).Download:72) >>>>>> Downloading <<<<<< %!(EXTRA *request.Request=Request Method: GET, Url: https://www.baidu.com/, Retry Times: 0, Depth: 0, Download: false)
[2024/01/30 00:04:05 CST] [INFO] (shengkuan/mini_spider/parser.(*Parser).Parse:36) >>>>>> Parsing <<<<<< %!(EXTRA *response.Response=Req: Request Method: GET, Url: https://www.baidu.com/, Retry Times: 0, Depth: 0, Download: false, Resp Code: 200, Need Parse: true)
[2024/01/30 00:04:05 CST] [INFO] (shengkuan/mini_spider/crawler.(*Crawler).Start.func1:124) >>>>>> popping request <<<<<< %!(EXTRA string=javascript:;)
[2024/01/30 00:04:05 CST] [INFO] (shengkuan/mini_spider/downloader.(*Downloader).Download:72) >>>>>> Downloading <<<<<< %!(EXTRA *request.Request=Request Method: GET, Url: javascript:;, Retry Times: 0, Depth: 1, Download: false)
[2024/01/30 00:04:05 CST] [EROR] (shengkuan/mini_spider/crawler.(*Crawler).process:136) download req err: %!(EXTRA *request.Request=Request Method: GET, Url: javascript:;, Retry Times: 0, Depth: 1, Download: false, *url.Error=Get "javascript:;": unsupported protocol scheme "javascript")
[2024/01/30 00:04:05 CST] [INFO] (shengkuan/mini_spider/crawler.(*Crawler).Start.func1:124) >>>>>> popping request <<<<<< %!(EXTRA string=https://passport.baidu.com/v2/?login&tpl=mn&u=http%3A%2F%2Fwww.baidu.com%2F&sms=5)
[2024/01/30 00:04:05 CST] [INFO] (shengkuan/mini_spider/downloader.(*Downloader).Download:72) >>>>>> Downloading <<<<<< %!(EXTRA *request.Request=Request Method: GET, Url: https://passport.baidu.com/v2/?login&tpl=mn&u=http%3A%2F%2Fwww.baidu.com%2F&sms=5, Retry Times: 0, Depth: 1, Download: false)
[2024/01/30 00:04:05 CST] [EROR] (shengkuan/mini_spider/crawler.(*Crawler).process:136) download req err: %!(EXTRA *request.Request=Request Method: GET, Url: javascript:;, Retry Times: 0, Depth: 1, Download: false, *url.Error=Get "javascript:;": unsupported protocol scheme "javascript")
[2024/01/30 00:04:07 CST] [INFO] (shengkuan/mini_spider/crawler.(*Crawler).Start.func1:124) >>>>>> popping request <<<<<< %!(EXTRA string=https://www.hao123.com?src=from_pc)
[2024/01/30 00:04:07 CST] [INFO] (shengkuan/mini_spider/crawler.(*Crawler).Start.func1:124) >>>>>> popping request <<<<<< %!(EXTRA string=http://news.baidu.com)
[2024/01/30 00:04:07 CST] [INFO] (shengkuan/mini_spider/downloader.(*Downloader).Download:72) >>>>>> Downloading <<<<<< %!(EXTRA *request.Request=Request Method: GET, Url: https://www.hao123.com?src=from_pc, Retry Times: 0, Depth: 1, Download: false)
[2024/01/30 00:04:07 CST] [INFO] (shengkuan/mini_spider/downloader.(*Downloader).Download:72) >>>>>> Downloading <<<<<< %!(EXTRA *request.Request=Request Method: GET, Url: http://news.baidu.com, Retry Times: 0, Depth: 1, Download: false)
[2024/01/30 00:04:07 CST] [INFO] (shengkuan/mini_spider/crawler.(*Crawler).Start.func1:124) >>>>>> popping request <<<<<< %!(EXTRA string=http://map.baidu.com)
[2024/01/30 00:04:07 CST] [INFO] (shengkuan/mini_spider/downloader.(*Downloader).Download:72) >>>>>> Downloading <<<<<< %!(EXTRA *request.Request=Request Method: GET, Url: http://map.baidu.com, Retry Times: 0, Depth: 1, Download: false)
[2024/01/30 00:04:09 CST] [INFO] (shengkuan/mini_spider/crawler.(*Crawler).Start.func1:124) >>>>>> popping request <<<<<< %!(EXTRA string=http://tieba.baidu.com/)
[2024/01/30 00:04:09 CST] [INFO] (shengkuan/mini_spider/downloader.(*Downloader).Download:72) >>>>>> Downloading <<<<<< %!(EXTRA *request.Request=Request Method: GET, Url: http://tieba.baidu.com/, Retry Times: 0, Depth: 1, Download: false)
[2024/01/30 00:04:09 CST] [INFO] (shengkuan/mini_spider/crawler.(*Crawler).Start.func1:124) >>>>>> popping request <<<<<< %!(EXTRA string=https://haokan.baidu.com/?sfrom=baidu-top)
[2024/01/30 00:04:09 CST] [INFO] (shengkuan/mini_spider/downloader.(*Downloader).Download:72) >>>>>> Downloading <<<<<< %!(EXTRA *request.Request=Request Method: GET, Url: https://haokan.baidu.com/?sfrom=baidu-top, Retry Times: 0, Depth: 1, Download: false)
[2024/01/30 00:04:10 CST] [INFO] (shengkuan/mini_spider/crawler.(*Crawler).Start.func1:124) >>>>>> popping request <<<<<< %!(EXTRA string=http://image.baidu.com/)
[2024/01/30 00:04:10 CST] [INFO] (shengkuan/mini_spider/downloader.(*Downloader).Download:72) >>>>>> Downloading <<<<<< %!(EXTRA *request.Request=Request Method: GET, Url: http://image.baidu.com/, Retry Times: 0, Depth: 1, Download: false)
[2024/01/30 00:04:11 CST] [INFO] (shengkuan/mini_spider/crawler.(*Crawler).Start.func1:124) >>>>>> popping request <<<<<< %!(EXTRA string=https://pan.baidu.com?from=1026962h)
[2024/01/30 00:04:11 CST] [INFO] (shengkuan/mini_spider/downloader.(*Downloader).Download:72) >>>>>> Downloading <<<<<< %!(EXTRA *request.Request=Request Method: GET, Url: https://pan.baidu.com?from=1026962h, Retry Times: 0, Depth: 1, Download: false)
[2024/01/30 00:04:12 CST] [INFO] (shengkuan/mini_spider/crawler.(*Crawler).Start.func1:124) >>>>>> popping request <<<<<< %!(EXTRA string=https://wenku.baidu.com/?fr=bdpcindex)
[2024/01/30 00:04:12 CST] [INFO] (shengkuan/mini_spider/downloader.(*Downloader).Download:72) >>>>>> Downloading <<<<<< %!(EXTRA *request.Request=Request Method: GET, Url: https://wenku.baidu.com/?fr=bdpcindex, Retry Times: 0, Depth: 1, Download: false)
[2024/01/30 00:04:12 CST] [INFO] (shengkuan/mini_spider/crawler.(*Crawler).Start.func1:124) >>>>>> popping request <<<<<< %!(EXTRA string=http://www.baidu.com/more/)
[2024/01/30 00:04:12 CST] [INFO] (shengkuan/mini_spider/downloader.(*Downloader).Download:72) >>>>>> Downloading <<<<<< %!(EXTRA *request.Request=Request Method: GET, Url: http://www.baidu.com/more/, Retry Times: 0, Depth: 1, Download: false)
[2024/01/30 00:04:14 CST] [INFO] (shengkuan/mini_spider/crawler.(*Crawler).Start.func1:124) >>>>>> popping request <<<<<< %!(EXTRA string=http://fanyi.baidu.com/)
[2024/01/30 00:04:14 CST] [INFO] (shengkuan/mini_spider/crawler.(*Crawler).Start.func1:124) >>>>>> popping request <<<<<< %!(EXTRA string=http://xueshu.baidu.com/)
[2024/01/30 00:04:14 CST] [INFO] (shengkuan/mini_spider/downloader.(*Downloader).Download:72) >>>>>> Downloading <<<<<< %!(EXTRA *request.Request=Request Method: GET, Url: http://fanyi.baidu.com/, Retry Times: 0, Depth: 1, Download: false)
[2024/01/30 00:04:14 CST] [INFO] (shengkuan/mini_spider/downloader.(*Downloader).Download:72) >>>>>> Downloading <<<<<< %!(EXTRA *request.Request=Request Method: GET, Url: http://xueshu.baidu.com/, Retry Times: 0, Depth: 1, Download: false)
[2024/01/30 00:04:15 CST] [INFO] (shengkuan/mini_spider/crawler.(*Crawler).Start.func1:124) >>>>>> popping request <<<<<< %!(EXTRA string=https://baike.baidu.com)
[2024/01/30 00:04:15 CST] [INFO] (shengkuan/mini_spider/downloader.(*Downloader).Download:72) >>>>>> Downloading <<<<<< %!(EXTRA *request.Request=Request Method: GET, Url: https://baike.baidu.com, Retry Times: 0, Depth: 1, Download: false)
[2024/01/30 00:04:17 CST] [INFO] (shengkuan/mini_spider/crawler.(*Crawler).Start.func1:124) >>>>>> popping request <<<<<< %!(EXTRA string=https://zhidao.baidu.com)
[2024/01/30 00:04:17 CST] [INFO] (shengkuan/mini_spider/downloader.(*Downloader).Download:72) >>>>>> Downloading <<<<<< %!(EXTRA *request.Request=Request Method: GET, Url: https://zhidao.baidu.com, Retry Times: 0, Depth: 1, Download: false)
[2024/01/30 00:04:17 CST] [INFO] (shengkuan/mini_spider/crawler.(*Crawler).Start.func1:124) >>>>>> popping request <<<<<< %!(EXTRA string=https://jiankang.baidu.com/widescreen/home)
[2024/01/30 00:04:17 CST] [INFO] (shengkuan/mini_spider/downloader.(*Downloader).Download:72) >>>>>> Downloading <<<<<< %!(EXTRA *request.Request=Request Method: GET, Url: https://jiankang.baidu.com/widescreen/home, Retry Times: 0, Depth: 1, Download: false)
[2024/01/30 00:04:18 CST] [INFO] (shengkuan/mini_spider/crawler.(*Crawler).Start.func1:124) >>>>>> popping request <<<<<< %!(EXTRA string=http://e.baidu.com/ebaidu/home?refer=887)
[2024/01/30 00:04:18 CST] [INFO] (shengkuan/mini_spider/downloader.(*Downloader).Download:72) >>>>>> Downloading <<<<<< %!(EXTRA *request.Request=Request Method: GET, Url: http://e.baidu.com/ebaidu/home?refer=887, Retry Times: 0, Depth: 1, Download: false)
[2024/01/30 00:04:20 CST] [INFO] (shengkuan/mini_spider/crawler.(*Crawler).Start.func1:124) >>>>>> popping request <<<<<< %!(EXTRA string=https://live.baidu.com/)
[2024/01/30 00:04:20 CST] [INFO] (shengkuan/mini_spider/downloader.(*Downloader).Download:72) >>>>>> Downloading <<<<<< %!(EXTRA *request.Request=Request Method: GET, Url: https://live.baidu.com/, Retry Times: 0, Depth: 1, Download: false)
[2024/01/30 00:04:20 CST] [INFO] (shengkuan/mini_spider/crawler.(*Crawler).Start.func1:124) >>>>>> popping request <<<<<< %!(EXTRA string=http://music.taihe.com)
[2024/01/30 00:04:20 CST] [INFO] (shengkuan/mini_spider/downloader.(*Downloader).Download:72) >>>>>> Downloading <<<<<< %!(EXTRA *request.Request=Request Method: GET, Url: http://music.taihe.com, Retry Times: 0, Depth: 1, Download: false)
[2024/01/30 00:04:21 CST] [INFO] (shengkuan/mini_spider/crawler.(*Crawler).Start.func1:124) >>>>>> popping request <<<<<< %!(EXTRA string=https://top.baidu.com/board?platform=pc&sa=pcindex_entry)
[2024/01/30 00:04:21 CST] [INFO] (shengkuan/mini_spider/downloader.(*Downloader).Download:72) >>>>>> Downloading <<<<<< %!(EXTRA *request.Request=Request Method: GET, Url: https://top.baidu.com/board?platform=pc&sa=pcindex_entry, Retry Times: 0, Depth: 1, Download: false)
[2024/01/30 00:04:23 CST] [INFO] (shengkuan/mini_spider/crawler.(*Crawler).Start.func1:124) >>>>>> popping request <<<<<< %!(EXTRA string=https://www.baidu.com/s?wd=%E6%B1%B2%E5%8F%96%E6%96%87%E5%8C%96%E8%87%AA%E4%BF%A1%E7%9A%84%E5%8A%9B%E9%87%8F&sa=fyb_n_homepage&rsv_dl=fyb_n_homepage&from=super&cl=3&tn=baidutop10&fr=top1000&rsv_idx=2&hisfilter=1)
[2024/01/30 00:04:23 CST] [INFO] (shengkuan/mini_spider/downloader.(*Downloader).Download:72) >>>>>> Downloading <<<<<< %!(EXTRA *request.Request=Request Method: GET, Url: https://www.baidu.com/s?wd=%E6%B1%B2%E5%8F%96%E6%96%87%E5%8C%96%E8%87%AA%E4%BF%A1%E7%9A%84%E5%8A%9B%E9%87%8F&sa=fyb_n_homepage&rsv_dl=fyb_n_homepage&from=super&cl=3&tn=baidutop10&fr=top1000&rsv_idx=2&hisfilter=1, Retry Times: 0, Depth: 1, Download: false)
[2024/01/30 00:04:25 CST] [INFO] (shengkuan/mini_spider/crawler.(*Crawler).Start.func1:124) >>>>>> popping request <<<<<< %!(EXTRA string=https://www.baidu.com/s?wd=%E4%BD%95%E4%BB%A5%E4%B8%AD%E5%9B%BD+%E5%90%91%E6%B5%B7%E6%B3%89%E5%B7%9E&sa=fyb_n_homepage&rsv_dl=fyb_n_homepage&from=super&cl=3&tn=baidutop10&fr=top1000&rsv_idx=2&hisfilter=1)
[2024/01/30 00:04:25 CST] [INFO] (shengkuan/mini_spider/downloader.(*Downloader).Download:72) >>>>>> Downloading <<<<<< %!(EXTRA *request.Request=Request Method: GET, Url: https://www.baidu.com/s?wd=%E4%BD%95%E4%BB%A5%E4%B8%AD%E5%9B%BD+%E5%90%91%E6%B5%B7%E6%B3%89%E5%B7%9E&sa=fyb_n_homepage&rsv_dl=fyb_n_homepage&from=super&cl=3&tn=baidutop10&fr=top1000&rsv_idx=2&hisfilter=1, Retry Times: 0, Depth: 1, Download: false)
[2024/01/30 00:04:25 CST] [INFO] (shengkuan/mini_spider/crawler.(*Crawler).Start.func1:124) >>>>>> popping request <<<<<< %!(EXTRA string=https://www.baidu.com/s?wd=10%E7%9C%81%E5%B0%86%E7%8E%B0%E6%9A%B4%E9%9B%AA%E6%88%96%E5%A4%A7%E6%9A%B4%E9%9B%AA&sa=fyb_n_homepage&rsv_dl=fyb_n_homepage&from=super&cl=3&tn=baidutop10&fr=top1000&rsv_idx=2&hisfilter=1)
[2024/01/30 00:04:25 CST] [INFO] (shengkuan/mini_spider/downloader.(*Downloader).Download:72) >>>>>> Downloading <<<<<< %!(EXTRA *request.Request=Request Method: GET, Url: https://www.baidu.com/s?wd=10%E7%9C%81%E5%B0%86%E7%8E%B0%E6%9A%B4%E9%9B%AA%E6%88%96%E5%A4%A7%E6%9A%B4%E9%9B%AA&sa=fyb_n_homepage&rsv_dl=fyb_n_homepage&from=super&cl=3&tn=baidutop10&fr=top1000&rsv_idx=2&hisfilter=1, Retry Times: 0, Depth: 1, Download: false)
[2024/01/30 00:04:27 CST] [INFO] (shengkuan/mini_spider/crawler.(*Crawler).Start.func1:124) >>>>>> popping request <<<<<< %!(EXTRA string=https://www.baidu.com/s?wd=%E5%A5%B3%E5%AD%90%E9%81%9B%E5%A4%A7%E5%9E%8B%E7%8A%AC%E5%90%93%E5%88%B0%E8%B7%AF%E4%BA%BA%EF%BC%9A%E7%8B%97%E6%AF%94%E4%BD%A0%E9%87%91%E8%B4%B5&sa=fyb_n_homepage&rsv_dl=fyb_n_homepage&from=super&cl=3&tn=baidutop10&fr=top1000&rsv_idx=2&hisfilter=1)
[2024/01/30 00:04:27 CST] [INFO] (shengkuan/mini_spider/downloader.(*Downloader).Download:72) >>>>>> Downloading <<<<<< %!(EXTRA *request.Request=Request Method: GET, Url: https://www.baidu.com/s?wd=%E5%A5%B3%E5%AD%90%E9%81%9B%E5%A4%A7%E5%9E%8B%E7%8A%AC%E5%90%93%E5%88%B0%E8%B7%AF%E4%BA%BA%EF%BC%9A%E7%8B%97%E6%AF%94%E4%BD%A0%E9%87%91%E8%B4%B5&sa=fyb_n_homepage&rsv_dl=fyb_n_homepage&from=super&cl=3&tn=baidutop10&fr=top1000&rsv_idx=2&hisfilter=1, Retry Times: 0, Depth: 1, Download: false)
[2024/01/30 00:04:27 CST] [INFO] (shengkuan/mini_spider/crawler.(*Crawler).Start.func1:124) >>>>>> popping request <<<<<< %!(EXTRA string=https://www.baidu.com/s?wd=K%E5%AE%9D%E6%9C%8D%E7%94%A8%E5%85%B4%E5%A5%8B%E5%89%82%E7%A6%81%E8%B5%9B4%E5%B9%B4+%E5%86%AC%E5%A5%A5%E9%87%91%E7%89%8C%E5%8F%96%E6%B6%88&sa=fyb_n_homepage&rsv_dl=fyb_n_homepage&from=super&cl=3&tn=baidutop10&fr=top1000&rsv_idx=2&hisfilter=1)
[2024/01/30 00:04:27 CST] [INFO] (shengkuan/mini_spider/downloader.(*Downloader).Download:72) >>>>>> Downloading <<<<<< %!(EXTRA *request.Request=Request Method: GET, Url: https://www.baidu.com/s?wd=K%E5%AE%9D%E6%9C%8D%E7%94%A8%E5%85%B4%E5%A5%8B%E5%89%82%E7%A6%81%E8%B5%9B4%E5%B9%B4+%E5%86%AC%E5%A5%A5%E9%87%91%E7%89%8C%E5%8F%96%E6%B6%88&sa=fyb_n_homepage&rsv_dl=fyb_n_homepage&from=super&cl=3&tn=baidutop10&fr=top1000&rsv_idx=2&hisfilter=1, Retry Times: 0, Depth: 1, Download: false)
[2024/01/30 00:04:29 CST] [INFO] (shengkuan/mini_spider/crawler.(*Crawler).Start.func1:124) >>>>>> popping request <<<<<< %!(EXTRA string=https://www.baidu.com/s?wd=%E8%AF%97%E4%BA%BA%E7%89%9B%E6%B6%9B%E5%9B%A0%E6%8A%91%E9%83%81%E7%97%87%E5%8E%BB%E4%B8%96+%E5%B9%B4%E4%BB%8530%E5%B2%81&sa=fyb_n_homepage&rsv_dl=fyb_n_homepage&from=super&cl=3&tn=baidutop10&fr=top1000&rsv_idx=2&hisfilter=1)
[2024/01/30 00:04:29 CST] [INFO] (shengkuan/mini_spider/downloader.(*Downloader).Download:72) >>>>>> Downloading <<<<<< %!(EXTRA *request.Request=Request Method: GET, Url: https://www.baidu.com/s?wd=%E8%AF%97%E4%BA%BA%E7%89%9B%E6%B6%9B%E5%9B%A0%E6%8A%91%E9%83%81%E7%97%87%E5%8E%BB%E4%B8%96+%E5%B9%B4%E4%BB%8530%E5%B2%81&sa=fyb_n_homepage&rsv_dl=fyb_n_homepage&from=super&cl=3&tn=baidutop10&fr=top1000&rsv_idx=2&hisfilter=1, Retry Times: 0, Depth: 1, Download: false)
[2024/01/30 00:04:30 CST] [INFO] (shengkuan/mini_spider/crawler.(*Crawler).Start.func1:124) >>>>>> popping request <<<<<< %!(EXTRA string=https://home.baidu.com)
[2024/01/30 00:04:30 CST] [INFO] (shengkuan/mini_spider/downloader.(*Downloader).Download:72) >>>>>> Downloading <<<<<< %!(EXTRA *request.Request=Request Method: GET, Url: https://home.baidu.com, Retry Times: 0, Depth: 1, Download: false)
[2024/01/30 00:04:31 CST] [EROR] (shengkuan/mini_spider/crawler.(*Crawler).process:136) download req err: %!(EXTRA *request.Request=Request Method: GET, Url: https://top.baidu.com/board?platform=pc&sa=pcindex_entry, Retry Times: 0, Depth: 1, Download: false, *url.Error=Get "https://top.baidu.com/board?platform=pc&sa=pcindex_entry": context deadline exceeded (Client.Timeout exceeded while awaiting headers))
[2024/01/30 00:04:31 CST] [EROR] (shengkuan/mini_spider/crawler.(*Crawler).process:136) download req err: %!(EXTRA *request.Request=Request Method: GET, Url: https://top.baidu.com/board?platform=pc&sa=pcindex_entry, Retry Times: 0, Depth: 1, Download: false, *url.Error=Get "https://top.baidu.com/board?platform=pc&sa=pcindex_entry": context deadline exceeded (Client.Timeout exceeded while awaiting headers))
[2024/01/30 00:04:31 CST] [INFO] (shengkuan/mini_spider/crawler.(*Crawler).Start.func1:124) >>>>>> popping request <<<<<< %!(EXTRA string=http://ir.baidu.com)
[2024/01/30 00:04:31 CST] [INFO] (shengkuan/mini_spider/downloader.(*Downloader).Download:72) >>>>>> Downloading <<<<<< %!(EXTRA *request.Request=Request Method: GET, Url: http://ir.baidu.com, Retry Times: 0, Depth: 1, Download: false)
[2024/01/30 00:04:33 CST] [INFO] (shengkuan/mini_spider/crawler.(*Crawler).Start.func1:124) >>>>>> popping request <<<<<< %!(EXTRA string=https://www.baidu.com/duty)
[2024/01/30 00:04:33 CST] [INFO] (shengkuan/mini_spider/downloader.(*Downloader).Download:72) >>>>>> Downloading <<<<<< %!(EXTRA *request.Request=Request Method: GET, Url: https://www.baidu.com/duty, Retry Times: 0, Depth: 1, Download: false)
[2024/01/30 00:04:34 CST] [INFO] (shengkuan/mini_spider/crawler.(*Crawler).Start.func1:124) >>>>>> popping request <<<<<< %!(EXTRA string=https://help.baidu.com)
[2024/01/30 00:04:34 CST] [INFO] (shengkuan/mini_spider/downloader.(*Downloader).Download:72) >>>>>> Downloading <<<<<< %!(EXTRA *request.Request=Request Method: GET, Url: https://help.baidu.com, Retry Times: 0, Depth: 1, Download: false)
[2024/01/30 00:04:35 CST] [INFO] (shengkuan/mini_spider/crawler.(*Crawler).Start.func1:124) >>>>>> popping request <<<<<< %!(EXTRA string=https://e.baidu.com/?refer=1271)
[2024/01/30 00:04:35 CST] [INFO] (shengkuan/mini_spider/downloader.(*Downloader).Download:72) >>>>>> Downloading <<<<<< %!(EXTRA *request.Request=Request Method: GET, Url: https://e.baidu.com/?refer=1271, Retry Times: 0, Depth: 1, Download: false)
[2024/01/30 00:04:38 CST] [INFO] (shengkuan/mini_spider/crawler.(*Crawler).Start.func1:124) >>>>>> popping request <<<<<< %!(EXTRA string=http://www.beian.gov.cn/portal/registerSystemInfo?recordcode=11000002000001)
[2024/01/30 00:04:38 CST] [INFO] (shengkuan/mini_spider/downloader.(*Downloader).Download:72) >>>>>> Downloading <<<<<< %!(EXTRA *request.Request=Request Method: GET, Url: http://www.beian.gov.cn/portal/registerSystemInfo?recordcode=11000002000001, Retry Times: 0, Depth: 1, Download: false)
[2024/01/30 00:04:38 CST] [INFO] (shengkuan/mini_spider/crawler.(*Crawler).Start.func1:124) >>>>>> popping request <<<<<< %!(EXTRA string=https://beian.miit.gov.cn)
[2024/01/30 00:04:38 CST] [INFO] (shengkuan/mini_spider/downloader.(*Downloader).Download:72) >>>>>> Downloading <<<<<< %!(EXTRA *request.Request=Request Method: GET, Url: https://beian.miit.gov.cn, Retry Times: 0, Depth: 1, Download: false)
[2024/01/30 00:04:38 CST] [EROR] (shengkuan/mini_spider/crawler.(*Crawler).process:136) download req err: %!(EXTRA *request.Request=Request Method: GET, Url: https://beian.miit.gov.cn, Retry Times: 0, Depth: 1, Download: false, *url.Error=Get "https://beian.miit.gov.cn": EOF)
[2024/01/30 00:04:38 CST] [EROR] (shengkuan/mini_spider/crawler.(*Crawler).process:136) download req err: %!(EXTRA *request.Request=Request Method: GET, Url: https://beian.miit.gov.cn, Retry Times: 0, Depth: 1, Download: false, *url.Error=Get "https://beian.miit.gov.cn": EOF)
[2024/01/30 00:04:40 CST] [INFO] (shengkuan/mini_spider/crawler.(*Crawler).Start.func1:124) >>>>>> popping request <<<<<< %!(EXTRA string=https://www.baidu.com/licence/)
[2024/01/30 00:04:40 CST] [INFO] (shengkuan/mini_spider/downloader.(*Downloader).Download:72) >>>>>> Downloading <<<<<< %!(EXTRA *request.Request=Request Method: GET, Url: https://www.baidu.com/licence/, Retry Times: 0, Depth: 1, Download: false)
[2024/01/30 00:04:40 CST] [INFO] (shengkuan/mini_spider/crawler.(*Crawler).Start.func1:124) >>>>>> popping request <<<<<< %!(EXTRA string=https://www.baidu.com/s?rtt=1&bsst=1&cl=2&tn=news)
[2024/01/30 00:04:40 CST] [INFO] (shengkuan/mini_spider/downloader.(*Downloader).Download:72) >>>>>> Downloading <<<<<< %!(EXTRA *request.Request=Request Method: GET, Url: https://www.baidu.com/s?rtt=1&bsst=1&cl=2&tn=news, Retry Times: 0, Depth: 1, Download: false)
[2024/01/30 00:04:41 CST] [EROR] (shengkuan/mini_spider/crawler.(*Crawler).process:136) download req err: %!(EXTRA *request.Request=Request Method: GET, Url: http://ir.baidu.com, Retry Times: 0, Depth: 1, Download: false, *url.Error=Get "http://ir.baidu.com": context deadline exceeded (Client.Timeout exceeded while awaiting headers))
[2024/01/30 00:04:41 CST] [EROR] (shengkuan/mini_spider/crawler.(*Crawler).process:136) download req err: %!(EXTRA *request.Request=Request Method: GET, Url: http://ir.baidu.com, Retry Times: 0, Depth: 1, Download: false, *url.Error=Get "http://ir.baidu.com": context deadline exceeded (Client.Timeout exceeded while awaiting headers))
[2024/01/30 00:04:42 CST] [INFO] (shengkuan/mini_spider/crawler.(*Crawler).Start.func1:124) >>>>>> popping request <<<<<< %!(EXTRA string=http://v.baidu.com/v?ct=301989888&rn=20&pn=0&db=0&s=25&ie=utf-8)
[2024/01/30 00:04:42 CST] [INFO] (shengkuan/mini_spider/downloader.(*Downloader).Download:72) >>>>>> Downloading <<<<<< %!(EXTRA *request.Request=Request Method: GET, Url: http://v.baidu.com/v?ct=301989888&rn=20&pn=0&db=0&s=25&ie=utf-8, Retry Times: 0, Depth: 1, Download: false)
[2024/01/30 00:04:43 CST] [INFO] (shengkuan/mini_spider/crawler.(*Crawler).Start.func1:124) >>>>>> popping request <<<<<< %!(EXTRA string=http://image.baidu.com/i?tn=baiduimage&ps=1&ct=201326592&lm=-1&cl=2&nc=1&ie=utf-8)
[2024/01/30 00:04:43 CST] [INFO] (shengkuan/mini_spider/downloader.(*Downloader).Download:72) >>>>>> Downloading <<<<<< %!(EXTRA *request.Request=Request Method: GET, Url: http://image.baidu.com/i?tn=baiduimage&ps=1&ct=201326592&lm=-1&cl=2&nc=1&ie=utf-8, Retry Times: 0, Depth: 1, Download: false)
[2024/01/30 00:04:43 CST] [INFO] (shengkuan/mini_spider/crawler.(*Crawler).Start.func1:124) >>>>>> popping request <<<<<< %!(EXTRA string=http://zhidao.baidu.com/q?ct=17&pn=0&tn=ikaslist&rn=10&fr=wwwt)
[2024/01/30 00:04:43 CST] [INFO] (shengkuan/mini_spider/downloader.(*Downloader).Download:72) >>>>>> Downloading <<<<<< %!(EXTRA *request.Request=Request Method: GET, Url: http://zhidao.baidu.com/q?ct=17&pn=0&tn=ikaslist&rn=10&fr=wwwt, Retry Times: 0, Depth: 1, Download: false)
[2024/01/30 00:04:45 CST] [INFO] (shengkuan/mini_spider/crawler.(*Crawler).Start.func1:124) >>>>>> popping request <<<<<< %!(EXTRA string=http://wenku.baidu.com/search?lm=0&od=0&ie=utf-8)
[2024/01/30 00:04:45 CST] [INFO] (shengkuan/mini_spider/downloader.(*Downloader).Download:72) >>>>>> Downloading <<<<<< %!(EXTRA *request.Request=Request Method: GET, Url: http://wenku.baidu.com/search?lm=0&od=0&ie=utf-8, Retry Times: 0, Depth: 1, Download: false)
[2024/01/30 00:04:47 CST] [INFO] (shengkuan/mini_spider/crawler.(*Crawler).Start.func1:124) >>>>>> popping request <<<<<< %!(EXTRA string=http://tieba.baidu.com/f?fr=wwwt)
[2024/01/30 00:04:47 CST] [INFO] (shengkuan/mini_spider/downloader.(*Downloader).Download:72) >>>>>> Downloading <<<<<< %!(EXTRA *request.Request=Request Method: GET, Url: http://tieba.baidu.com/f?fr=wwwt, Retry Times: 0, Depth: 1, Download: false)
[2024/01/30 00:04:48 CST] [INFO] (shengkuan/mini_spider/crawler.(*Crawler).Start.func1:124) >>>>>> popping request <<<<<< %!(EXTRA string=https://map.baidu.com/?newmap=1&ie=utf-8&s=s)
[2024/01/30 00:04:48 CST] [INFO] (shengkuan/mini_spider/downloader.(*Downloader).Download:72) >>>>>> Downloading <<<<<< %!(EXTRA *request.Request=Request Method: GET, Url: https://map.baidu.com/?newmap=1&ie=utf-8&s=s, Retry Times: 0, Depth: 1, Download: false)
[2024/01/30 00:04:49 CST] [INFO] (shengkuan/mini_spider/crawler.(*Crawler).Start.func1:124) >>>>>> popping request <<<<<< %!(EXTRA string=https://b2b.baidu.com/s?fr=wwwt)
[2024/01/30 00:04:49 CST] [INFO] (shengkuan/mini_spider/downloader.(*Downloader).Download:72) >>>>>> Downloading <<<<<< %!(EXTRA *request.Request=Request Method: GET, Url: https://b2b.baidu.com/s?fr=wwwt, Retry Times: 0, Depth: 1, Download: false)
[2024/01/30 00:04:53 CST] [INFO] (shengkuan/mini_spider/crawler.(*Crawler).isFinish:163) request queue nil, all sub spider are idle, Spider exit.
[2024/01/30 00:05:51 CST] [INFO] (shengkuan/mini_spider/crawler.(*Crawler).Start.func1:124) >>>>>> popping request <<<<<< %!(EXTRA string=https://www.baidu.com/)
[2024/01/30 00:05:51 CST] [INFO] (shengkuan/mini_spider/downloader.(*Downloader).Download:72) >>>>>> Downloading <<<<<< %!(EXTRA *request.Request=Request Method: GET, Url: https://www.baidu.com/, Retry Times: 0, Depth: 0, Download: false)
[2024/01/30 00:05:52 CST] [INFO] (shengkuan/mini_spider/parser.(*Parser).Parse:36) >>>>>> Parsing <<<<<< %!(EXTRA *response.Response=Req: Request Method: GET, Url: https://www.baidu.com/, Retry Times: 0, Depth: 0, Download: false, Resp Code: 200, Need Parse: true)
[2024/01/30 00:05:52 CST] [EROR] (shengkuan/mini_spider/crawler.(*Crawler).process:136) download req err: %!(EXTRA *request.Request=Request Method: GET, Url: javascript:;, Retry Times: 0, Depth: 1, Download: false, *url.Error=Get "javascript:;": unsupported protocol scheme "javascript")
[2024/01/30 00:05:52 CST] [INFO] (shengkuan/mini_spider/crawler.(*Crawler).Start.func1:124) >>>>>> popping request <<<<<< %!(EXTRA string=javascript:;)
[2024/01/30 00:05:52 CST] [INFO] (shengkuan/mini_spider/downloader.(*Downloader).Download:72) >>>>>> Downloading <<<<<< %!(EXTRA *request.Request=Request Method: GET, Url: javascript:;, Retry Times: 0, Depth: 1, Download: false)
[2024/01/30 00:05:52 CST] [EROR] (shengkuan/mini_spider/crawler.(*Crawler).process:136) download req err: %!(EXTRA *request.Request=Request Method: GET, Url: javascript:;, Retry Times: 0, Depth: 1, Download: false, *url.Error=Get "javascript:;": unsupported protocol scheme "javascript")
[2024/01/30 00:05:52 CST] [INFO] (shengkuan/mini_spider/crawler.(*Crawler).Start.func1:124) >>>>>> popping request <<<<<< %!(EXTRA string=https://passport.baidu.com/v2/?login&tpl=mn&u=http%3A%2F%2Fwww.baidu.com%2F&sms=5)
[2024/01/30 00:05:52 CST] [INFO] (shengkuan/mini_spider/downloader.(*Downloader).Download:72) >>>>>> Downloading <<<<<< %!(EXTRA *request.Request=Request Method: GET, Url: https://passport.baidu.com/v2/?login&tpl=mn&u=http%3A%2F%2Fwww.baidu.com%2F&sms=5, Retry Times: 0, Depth: 1, Download: false)
